<?xml version="1.0" encoding="UTF-8"?>
<!-- Generated by org.testng.reporters.JUnitReportReporter -->
<testsuite hostname="LAPTOP-6U2VOD8R" failures="0" tests="1" name="finaltestng.DuplicateCategory" time="13.070" errors="0" timestamp="2023-06-16T01:24:57 CDT" skipped="0">
  <testcase classname="finaltestng.DuplicateCategory" name="duplicateCategoryValidation" time="13.070"/>
  <system-out/>
</testsuite> <!-- finaltestng.DuplicateCategory -->
