<?xml version="1.0" encoding="UTF-8"?>
<!-- Generated by org.testng.reporters.JUnitReportReporter -->
<testsuite hostname="LAPTOP-6U2VOD8R" failures="0" tests="1" name="finaltestng.MonthDropDown" time="5.029" errors="0" timestamp="2023-06-19T03:10:40 CDT" skipped="0">
  <testcase classname="finaltestng.MonthDropDown" name="verify" time="5.029"/>
  <system-out/>
</testsuite> <!-- finaltestng.MonthDropDown -->
